# JRE version: Java(TM) SE Runtime Environment (14.0.1+7) (build 14.0.1+7)
# Java VM: Java HotSpot(TM) 64-Bit Server VM (14.0.1+7, mixed mode, sharing, tiered, compressed oops, g1 gc, windows-amd64)
Heap:
 garbage-first heap   total 96256K, used 54537K [0x00000000a0000000, 0x0000000100000000)
  region size 1024K, 4 young (4096K), 2 survivors (2048K)
 Metaspace       used 46985K, capacity 48351K, committed 48588K, reserved 1091584K
  class space    used 6331K, capacity 6806K, committed 6912K, reserved 1048576K
GC Heap History (20 events):
Event: 15.571 GC heap before
{Heap before GC invocations=9 (full 0):
 garbage-first heap   total 75776K, used 55564K [0x00000000a0000000, 0x0000000100000000)
  region size 1024K, 31 young (31744K), 3 survivors (3072K)
 Metaspace       used 34765K, capacity 35721K, committed 35840K, reserved 1079296K
  class space    used 4819K, capacity 5190K, committed 5248K, reserved 1048576K
}
Event: 15.578 GC heap after
{Heap after GC invocations=10 (full 0):
 garbage-first heap   total 75776K, used 29853K [0x00000000a0000000, 0x0000000100000000)
  region size 1024K, 2 young (2048K), 2 survivors (2048K)
 Metaspace       used 34765K, capacity 35721K, committed 35840K, reserved 1079296K
  class space    used 4819K, capacity 5190K, committed 5248K, reserved 1048576K
}
Event: 16.424 GC heap before
{Heap before GC invocations=11 (full 0):
 garbage-first heap   total 75776K, used 58525K [0x00000000a0000000, 0x0000000100000000)
  region size 1024K, 30 young (30720K), 2 survivors (2048K)
 Metaspace       used 36431K, capacity 37451K, committed 37708K, reserved 1081344K
  class space    used 5023K, capacity 5380K, committed 5504K, reserved 1048576K
}
Event: 16.434 GC heap after
{Heap after GC invocations=12 (full 0):
 garbage-first heap   total 75776K, used 30797K [0x00000000a0000000, 0x0000000100000000)
  region size 1024K, 4 young (4096K), 4 survivors (4096K)
 Metaspace       used 36431K, capacity 37451K, committed 37708K, reserved 1081344K
  class space    used 5023K, capacity 5380K, committed 5504K, reserved 1048576K
}
Event: 17.200 GC heap before
{Heap before GC invocations=13 (full 0):
 garbage-first heap   total 75776K, used 58445K [0x00000000a0000000, 0x0000000100000000)
  region size 1024K, 31 young (31744K), 4 survivors (4096K)
 Metaspace       used 38285K, capacity 39364K, committed 39500K, reserved 1083392K
  class space    used 5290K, capacity 5661K, committed 5760K, reserved 1048576K
}
Event: 17.208 GC heap after
{Heap after GC invocations=14 (full 0):
 garbage-first heap   total 75776K, used 31658K [0x00000000a0000000, 0x0000000100000000)
  region size 1024K, 1 young (1024K), 1 survivors (1024K)
 Metaspace       used 38285K, capacity 39364K, committed 39500K, reserved 1083392K
  class space    used 5290K, capacity 5661K, committed 5760K, reserved 1048576K
}
Event: 18.830 GC heap before
{Heap before GC invocations=14 (full 0):
 garbage-first heap   total 75776K, used 60330K [0x00000000a0000000, 0x0000000100000000)
  region size 1024K, 29 young (29696K), 1 survivors (1024K)
 Metaspace       used 39984K, capacity 41107K, committed 41164K, reserved 1085440K
  class space    used 5467K, capacity 5874K, committed 5888K, reserved 1048576K
}
Event: 18.836 GC heap after
{Heap after GC invocations=15 (full 0):
 garbage-first heap   total 75776K, used 32963K [0x00000000a0000000, 0x0000000100000000)
  region size 1024K, 3 young (3072K), 3 survivors (3072K)
 Metaspace       used 39984K, capacity 41107K, committed 41164K, reserved 1085440K
  class space    used 5467K, capacity 5874K, committed 5888K, reserved 1048576K
}
Event: 20.014 GC heap before
{Heap before GC invocations=15 (full 0):
 garbage-first heap   total 75776K, used 58563K [0x00000000a0000000, 0x0000000100000000)
  region size 1024K, 28 young (28672K), 3 survivors (3072K)
 Metaspace       used 40568K, capacity 41788K, committed 42060K, reserved 1085440K
  class space    used 5524K, capacity 5921K, committed 6016K, reserved 1048576K
}
Event: 20.029 GC heap after
{Heap after GC invocations=16 (full 0):
 garbage-first heap   total 75776K, used 38481K [0x00000000a0000000, 0x0000000100000000)
  region size 1024K, 4 young (4096K), 4 survivors (4096K)
 Metaspace       used 40568K, capacity 41788K, committed 42060K, reserved 1085440K
  class space    used 5524K, capacity 5921K, committed 6016K, reserved 1048576K
}
Event: 20.432 GC heap before
{Heap before GC invocations=17 (full 0):
 garbage-first heap   total 75776K, used 42577K [0x00000000a0000000, 0x0000000100000000)
  region size 1024K, 8 young (8192K), 4 survivors (4096K)
 Metaspace       used 40572K, capacity 41788K, committed 42060K, reserved 1085440K
  class space    used 5524K, capacity 5921K, committed 6016K, reserved 1048576K
}
Event: 20.443 GC heap after
{Heap after GC invocations=18 (full 0):
 garbage-first heap   total 75776K, used 43547K [0x00000000a0000000, 0x0000000100000000)
  region size 1024K, 3 young (3072K), 3 survivors (3072K)
 Metaspace       used 40572K, capacity 41788K, committed 42060K, reserved 1085440K
  class space    used 5524K, capacity 5921K, committed 6016K, reserved 1048576K
}
Event: 20.742 GC heap before
{Heap before GC invocations=19 (full 0):
 garbage-first heap   total 83968K, used 48667K [0x00000000a0000000, 0x0000000100000000)
  region size 1024K, 7 young (7168K), 3 survivors (3072K)
 Metaspace       used 40573K, capacity 41788K, committed 42060K, reserved 1085440K
  class space    used 5524K, capacity 5921K, committed 6016K, reserved 1048576K
}
Event: 20.747 GC heap after
{Heap after GC invocations=20 (full 0):
 garbage-first heap   total 83968K, used 48895K [0x00000000a0000000, 0x0000000100000000)
  region size 1024K, 2 young (2048K), 2 survivors (2048K)
 Metaspace       used 40573K, capacity 41788K, committed 42060K, reserved 1085440K
  class space    used 5524K, capacity 5921K, committed 6016K, reserved 1048576K
}
Event: 21.433 GC heap before
{Heap before GC invocations=21 (full 0):
 garbage-first heap   total 89088K, used 62207K [0x00000000a0000000, 0x0000000100000000)
  region size 1024K, 13 young (13312K), 2 survivors (2048K)
 Metaspace       used 41594K, capacity 42968K, committed 43212K, reserved 1087488K
  class space    used 5642K, capacity 6080K, committed 6144K, reserved 1048576K
}
Event: 21.438 GC heap after
{Heap after GC invocations=22 (full 0):
 garbage-first heap   total 89088K, used 52321K [0x00000000a0000000, 0x0000000100000000)
  region size 1024K, 2 young (2048K), 2 survivors (2048K)
 Metaspace       used 41594K, capacity 42968K, committed 43212K, reserved 1087488K
  class space    used 5642K, capacity 6080K, committed 6144K, reserved 1048576K
}
Event: 22.324 GC heap before
{Heap before GC invocations=22 (full 0):
 garbage-first heap   total 89088K, used 63585K [0x00000000a0000000, 0x0000000100000000)
  region size 1024K, 14 young (14336K), 2 survivors (2048K)
 Metaspace       used 42928K, capacity 44195K, committed 44364K, reserved 1087488K
  class space    used 5829K, capacity 6255K, committed 6272K, reserved 1048576K
}
Event: 22.329 GC heap after
{Heap after GC invocations=23 (full 0):
 garbage-first heap   total 89088K, used 52622K [0x00000000a0000000, 0x0000000100000000)
  region size 1024K, 1 young (1024K), 1 survivors (1024K)
 Metaspace       used 42928K, capacity 44195K, committed 44364K, reserved 1087488K
  class space    used 5829K, capacity 6255K, committed 6272K, reserved 1048576K
}
Event: 23.050 GC heap before
{Heap before GC invocations=24 (full 0):
 garbage-first heap   total 96256K, used 65934K [0x00000000a0000000, 0x0000000100000000)
  region size 1024K, 14 young (14336K), 1 survivors (1024K)
 Metaspace       used 44384K, capacity 45739K, committed 45900K, reserved 1089536K
  class space    used 6007K, capacity 6429K, committed 6528K, reserved 1048576K
}
Event: 23.057 GC heap after
{Heap after GC invocations=25 (full 0):
 garbage-first heap   total 96256K, used 53036K [0x00000000a0000000, 0x0000000100000000)
  region size 1024K, 1 young (1024K), 1 survivors (1024K)
 Metaspace       used 44384K, capacity 45739K, committed 45900K, reserved 1089536K
  class space    used 6007K, capacity 6429K, committed 6528K, reserved 1048576K
}

