# JRE version: Java(TM) SE Runtime Environment (14.0.1+7) (build 14.0.1+7)
# Java VM: Java HotSpot(TM) 64-Bit Server VM (14.0.1+7, mixed mode, sharing, tiered, compressed oops, g1 gc, windows-amd64)
Heap:
 garbage-first heap   total 160768K, used 100393K [0x00000000a0000000, 0x0000000100000000)
  region size 1024K, 12 young (12288K), 2 survivors (2048K)
 Metaspace       used 68771K, capacity 70996K, committed 71116K, reserved 1110016K
  class space    used 9360K, capacity 10133K, committed 10240K, reserved 1048576K
GC Heap History (20 events):
Event: 25.341 GC heap before
{Heap before GC invocations=34 (full 0):
 garbage-first heap   total 109568K, used 87880K [0x00000000a0000000, 0x0000000100000000)
  region size 1024K, 27 young (27648K), 3 survivors (3072K)
 Metaspace       used 57217K, capacity 58698K, committed 58828K, reserved 1099776K
  class space    used 7633K, capacity 8157K, committed 8192K, reserved 1048576K
}
Event: 25.348 GC heap after
{Heap after GC invocations=35 (full 0):
 garbage-first heap   total 109568K, used 64825K [0x00000000a0000000, 0x0000000100000000)
  region size 1024K, 3 young (3072K), 3 survivors (3072K)
 Metaspace       used 57217K, capacity 58698K, committed 58828K, reserved 1099776K
  class space    used 7633K, capacity 8157K, committed 8192K, reserved 1048576K
}
Event: 25.921 GC heap before
{Heap before GC invocations=36 (full 0):
 garbage-first heap   total 117760K, used 87353K [0x00000000a0000000, 0x0000000100000000)
  region size 1024K, 26 young (26624K), 3 survivors (3072K)
 Metaspace       used 58545K, capacity 59990K, committed 60108K, reserved 1101824K
  class space    used 7808K, capacity 8353K, committed 8448K, reserved 1048576K
}
Event: 25.927 GC heap after
{Heap after GC invocations=37 (full 0):
 garbage-first heap   total 117760K, used 65834K [0x00000000a0000000, 0x0000000100000000)
  region size 1024K, 3 young (3072K), 3 survivors (3072K)
 Metaspace       used 58545K, capacity 59990K, committed 60108K, reserved 1101824K
  class space    used 7808K, capacity 8353K, committed 8448K, reserved 1048576K
}
Event: 26.419 GC heap before
{Heap before GC invocations=37 (full 0):
 garbage-first heap   total 117760K, used 83242K [0x00000000a0000000, 0x0000000100000000)
  region size 1024K, 21 young (21504K), 3 survivors (3072K)
 Metaspace       used 58889K, capacity 60382K, committed 60620K, reserved 1101824K
  class space    used 7833K, capacity 8369K, committed 8448K, reserved 1048576K
}
Event: 26.428 GC heap after
{Heap after GC invocations=38 (full 0):
 garbage-first heap   total 117760K, used 68459K [0x00000000a0000000, 0x0000000100000000)
  region size 1024K, 4 young (4096K), 4 survivors (4096K)
 Metaspace       used 58889K, capacity 60382K, committed 60620K, reserved 1101824K
  class space    used 7833K, capacity 8369K, committed 8448K, reserved 1048576K
}
Event: 26.852 GC heap before
{Heap before GC invocations=39 (full 0):
 garbage-first heap   total 121856K, used 98155K [0x00000000a0000000, 0x0000000100000000)
  region size 1024K, 31 young (31744K), 4 survivors (4096K)
 Metaspace       used 59209K, capacity 60823K, committed 61004K, reserved 1101824K
  class space    used 7869K, capacity 8450K, committed 8576K, reserved 1048576K
}
Event: 26.858 GC heap after
{Heap after GC invocations=40 (full 0):
 garbage-first heap   total 146432K, used 75213K [0x00000000a0000000, 0x0000000100000000)
  region size 1024K, 4 young (4096K), 4 survivors (4096K)
 Metaspace       used 59209K, capacity 60823K, committed 61004K, reserved 1101824K
  class space    used 7869K, capacity 8450K, committed 8576K, reserved 1048576K
}
Event: 27.517 GC heap before
{Heap before GC invocations=40 (full 0):
 garbage-first heap   total 146432K, used 114125K [0x00000000a0000000, 0x0000000100000000)
  region size 1024K, 42 young (43008K), 4 survivors (4096K)
 Metaspace       used 59612K, capacity 61316K, committed 61516K, reserved 1101824K
  class space    used 7926K, capacity 8508K, committed 8576K, reserved 1048576K
}
Event: 27.524 GC heap after
{Heap after GC invocations=41 (full 0):
 garbage-first heap   total 146432K, used 77368K [0x00000000a0000000, 0x0000000100000000)
  region size 1024K, 3 young (3072K), 3 survivors (3072K)
 Metaspace       used 59612K, capacity 61316K, committed 61516K, reserved 1101824K
  class space    used 7926K, capacity 8508K, committed 8576K, reserved 1048576K
}
Event: 28.473 GC heap before
{Heap before GC invocations=42 (full 0):
 garbage-first heap   total 146432K, used 115256K [0x00000000a0000000, 0x0000000100000000)
  region size 1024K, 40 young (40960K), 3 survivors (3072K)
 Metaspace       used 62225K, capacity 64133K, committed 64204K, reserved 1103872K
  class space    used 8352K, capacity 8954K, committed 8960K, reserved 1048576K
}
Event: 28.481 GC heap after
{Heap after GC invocations=43 (full 0):
 garbage-first heap   total 146432K, used 79836K [0x00000000a0000000, 0x0000000100000000)
  region size 1024K, 5 young (5120K), 5 survivors (5120K)
 Metaspace       used 62225K, capacity 64133K, committed 64204K, reserved 1103872K
  class space    used 8352K, capacity 8954K, committed 8960K, reserved 1048576K
}
Event: 29.777 GC heap before
{Heap before GC invocations=43 (full 0):
 garbage-first heap   total 146432K, used 117724K [0x00000000a0000000, 0x0000000100000000)
  region size 1024K, 42 young (43008K), 5 survivors (5120K)
 Metaspace       used 65814K, capacity 67661K, committed 67916K, reserved 1107968K
  class space    used 8943K, capacity 9528K, committed 9600K, reserved 1048576K
}
Event: 29.786 GC heap after
{Heap after GC invocations=44 (full 0):
 garbage-first heap   total 146432K, used 82269K [0x00000000a0000000, 0x0000000100000000)
  region size 1024K, 5 young (5120K), 5 survivors (5120K)
 Metaspace       used 65814K, capacity 67661K, committed 67916K, reserved 1107968K
  class space    used 8943K, capacity 9528K, committed 9600K, reserved 1048576K
}
Event: 30.691 GC heap before
{Heap before GC invocations=45 (full 0):
 garbage-first heap   total 155648K, used 119133K [0x00000000a0000000, 0x0000000100000000)
  region size 1024K, 41 young (41984K), 5 survivors (5120K)
 Metaspace       used 66837K, capacity 68822K, committed 68940K, reserved 1107968K
  class space    used 9127K, capacity 9829K, committed 9856K, reserved 1048576K
}
Event: 30.703 GC heap after
{Heap after GC invocations=46 (full 0):
 garbage-first heap   total 155648K, used 85844K [0x00000000a0000000, 0x0000000100000000)
  region size 1024K, 6 young (6144K), 6 survivors (6144K)
 Metaspace       used 66837K, capacity 68822K, committed 68940K, reserved 1107968K
  class space    used 9127K, capacity 9829K, committed 9856K, reserved 1048576K
}
Event: 31.736 GC heap before
{Heap before GC invocations=46 (full 0):
 garbage-first heap   total 155648K, used 125780K [0x00000000a0000000, 0x0000000100000000)
  region size 1024K, 45 young (46080K), 6 survivors (6144K)
 Metaspace       used 68120K, capacity 70222K, committed 70476K, reserved 1110016K
  class space    used 9280K, capacity 10006K, committed 10112K, reserved 1048576K
}
Event: 31.750 GC heap after
{Heap after GC invocations=47 (full 0):
 garbage-first heap   total 155648K, used 89433K [0x00000000a0000000, 0x0000000100000000)
  region size 1024K, 4 young (4096K), 4 survivors (4096K)
 Metaspace       used 68120K, capacity 70222K, committed 70476K, reserved 1110016K
  class space    used 9280K, capacity 10006K, committed 10112K, reserved 1048576K
}
Event: 32.106 GC heap before
{Heap before GC invocations=48 (full 0):
 garbage-first heap   total 155648K, used 96601K [0x00000000a0000000, 0x0000000100000000)
  region size 1024K, 12 young (12288K), 4 survivors (4096K)
 Metaspace       used 68457K, capacity 70619K, committed 70732K, reserved 1110016K
  class space    used 9324K, capacity 10052K, committed 10112K, reserved 1048576K
}
Event: 32.114 GC heap after
{Heap after GC invocations=49 (full 0):
 garbage-first heap   total 155648K, used 90153K [0x00000000a0000000, 0x0000000100000000)
  region size 1024K, 2 young (2048K), 2 survivors (2048K)
 Metaspace       used 68457K, capacity 70619K, committed 70732K, reserved 1110016K
  class space    used 9324K, capacity 10052K, committed 10112K, reserved 1048576K
}

