# JRE version: Java(TM) SE Runtime Environment (14.0.1+7) (build 14.0.1+7)
# Java VM: Java HotSpot(TM) 64-Bit Server VM (14.0.1+7, mixed mode, sharing, tiered, compressed oops, g1 gc, windows-amd64)
Heap:
 garbage-first heap   total 217088K, used 131159K [0x00000000a0000000, 0x0000000100000000)
  region size 1024K, 6 young (6144K), 3 survivors (3072K)
 Metaspace       used 77293K, capacity 80727K, committed 80896K, reserved 1118208K
  class space    used 10623K, capacity 11744K, committed 11776K, reserved 1048576K
GC Heap History (20 events):
Event: 19.288 GC heap before
{Heap before GC invocations=34 (full 0):
 garbage-first heap   total 140288K, used 113656K [0x00000000a0000000, 0x0000000100000000)
  region size 1024K, 40 young (40960K), 5 survivors (5120K)
 Metaspace       used 66487K, capacity 68408K, committed 68736K, reserved 1107968K
  class space    used 9086K, capacity 9756K, committed 9856K, reserved 1048576K
}
Event: 19.300 GC heap after
{Heap after GC invocations=35 (full 0):
 garbage-first heap   total 140288K, used 80850K [0x00000000a0000000, 0x0000000100000000)
  region size 1024K, 5 young (5120K), 5 survivors (5120K)
 Metaspace       used 66487K, capacity 68408K, committed 68736K, reserved 1107968K
  class space    used 9086K, capacity 9756K, committed 9856K, reserved 1048576K
}
Event: 19.951 GC heap before
{Heap before GC invocations=35 (full 0):
 garbage-first heap   total 140288K, used 116690K [0x00000000a0000000, 0x0000000100000000)
  region size 1024K, 40 young (40960K), 5 survivors (5120K)
 Metaspace       used 67673K, capacity 69717K, committed 69888K, reserved 1110016K
  class space    used 9249K, capacity 9929K, committed 9984K, reserved 1048576K
}
Event: 19.967 GC heap after
{Heap after GC invocations=36 (full 0):
 garbage-first heap   total 168960K, used 84822K [0x00000000a0000000, 0x0000000100000000)
  region size 1024K, 4 young (4096K), 4 survivors (4096K)
 Metaspace       used 67673K, capacity 69717K, committed 69888K, reserved 1110016K
  class space    used 9249K, capacity 9929K, committed 9984K, reserved 1048576K
}
Event: 21.110 GC heap before
{Heap before GC invocations=37 (full 0):
 garbage-first heap   total 168960K, used 136022K [0x00000000a0000000, 0x0000000100000000)
  region size 1024K, 55 young (56320K), 4 survivors (4096K)
 Metaspace       used 69613K, capacity 72029K, committed 72064K, reserved 1112064K
  class space    used 9524K, capacity 10343K, committed 10368K, reserved 1048576K
}
Event: 21.123 GC heap after
{Heap after GC invocations=38 (full 0):
 garbage-first heap   total 168960K, used 93125K [0x00000000a0000000, 0x0000000100000000)
  region size 1024K, 7 young (7168K), 7 survivors (7168K)
 Metaspace       used 69613K, capacity 72029K, committed 72064K, reserved 1112064K
  class space    used 9524K, capacity 10343K, committed 10368K, reserved 1048576K
}
Event: 21.659 GC heap before
{Heap before GC invocations=38 (full 0):
 garbage-first heap   total 168960K, used 117701K [0x00000000a0000000, 0x0000000100000000)
  region size 1024K, 33 young (33792K), 7 survivors (7168K)
 Metaspace       used 70021K, capacity 72583K, committed 72704K, reserved 1112064K
  class space    used 9550K, capacity 10403K, committed 10496K, reserved 1048576K
}
Event: 21.671 GC heap after
{Heap after GC invocations=39 (full 0):
 garbage-first heap   total 168960K, used 97463K [0x00000000a0000000, 0x0000000100000000)
  region size 1024K, 4 young (4096K), 4 survivors (4096K)
 Metaspace       used 70021K, capacity 72583K, committed 72704K, reserved 1112064K
  class space    used 9550K, capacity 10403K, committed 10496K, reserved 1048576K
}
Event: 22.496 GC heap before
{Heap before GC invocations=40 (full 0):
 garbage-first heap   total 179200K, used 135351K [0x00000000a0000000, 0x0000000100000000)
  region size 1024K, 40 young (40960K), 4 survivors (4096K)
 Metaspace       used 70554K, capacity 73382K, committed 73600K, reserved 1112064K
  class space    used 9623K, capacity 10528K, committed 10624K, reserved 1048576K
}
Event: 22.509 GC heap after
{Heap after GC invocations=41 (full 0):
 garbage-first heap   total 179200K, used 104712K [0x00000000a0000000, 0x0000000100000000)
  region size 1024K, 5 young (5120K), 5 survivors (5120K)
 Metaspace       used 70554K, capacity 73382K, committed 73600K, reserved 1112064K
  class space    used 9623K, capacity 10528K, committed 10624K, reserved 1048576K
}
Event: 22.551 GC heap before
{Heap before GC invocations=41 (full 0):
 garbage-first heap   total 179200K, used 105736K [0x00000000a0000000, 0x0000000100000000)
  region size 1024K, 7 young (7168K), 5 survivors (5120K)
 Metaspace       used 70721K, capacity 73606K, committed 73856K, reserved 1112064K
  class space    used 9627K, capacity 10560K, committed 10624K, reserved 1048576K
}
Event: 22.559 GC heap after
{Heap after GC invocations=42 (full 0):
 garbage-first heap   total 179200K, used 105725K [0x00000000a0000000, 0x0000000100000000)
  region size 1024K, 1 young (1024K), 1 survivors (1024K)
 Metaspace       used 70721K, capacity 73606K, committed 73856K, reserved 1112064K
  class space    used 9627K, capacity 10560K, committed 10624K, reserved 1048576K
}
Event: 23.544 GC heap before
{Heap before GC invocations=43 (full 0):
 garbage-first heap   total 196608K, used 145661K [0x00000000a0000000, 0x0000000100000000)
  region size 1024K, 38 young (38912K), 1 survivors (1024K)
 Metaspace       used 71829K, capacity 74846K, committed 75008K, reserved 1114112K
  class space    used 9771K, capacity 10705K, committed 10752K, reserved 1048576K
}
Event: 23.554 GC heap after
{Heap after GC invocations=44 (full 0):
 garbage-first heap   total 196608K, used 113991K [0x00000000a0000000, 0x0000000100000000)
  region size 1024K, 5 young (5120K), 5 survivors (5120K)
 Metaspace       used 71829K, capacity 74846K, committed 75008K, reserved 1114112K
  class space    used 9771K, capacity 10705K, committed 10752K, reserved 1048576K
}
Event: 23.642 GC heap before
{Heap before GC invocations=44 (full 0):
 garbage-first heap   total 196608K, used 118087K [0x00000000a0000000, 0x0000000100000000)
  region size 1024K, 10 young (10240K), 5 survivors (5120K)
 Metaspace       used 71900K, capacity 74981K, committed 75008K, reserved 1114112K
  class space    used 9786K, capacity 10749K, committed 10752K, reserved 1048576K
}
Event: 23.650 GC heap after
{Heap after GC invocations=45 (full 0):
 garbage-first heap   total 196608K, used 115311K [0x00000000a0000000, 0x0000000100000000)
  region size 1024K, 2 young (2048K), 2 survivors (2048K)
 Metaspace       used 71900K, capacity 74981K, committed 75008K, reserved 1114112K
  class space    used 9786K, capacity 10749K, committed 10752K, reserved 1048576K
}
Event: 24.607 GC heap before
{Heap before GC invocations=46 (full 0):
 garbage-first heap   total 217088K, used 159343K [0x00000000a0000000, 0x0000000100000000)
  region size 1024K, 42 young (43008K), 2 survivors (2048K)
 Metaspace       used 73522K, capacity 76900K, committed 76928K, reserved 1116160K
  class space    used 10046K, capacity 11122K, committed 11136K, reserved 1048576K
}
Event: 24.617 GC heap after
{Heap after GC invocations=47 (full 0):
 garbage-first heap   total 217088K, used 126140K [0x00000000a0000000, 0x0000000100000000)
  region size 1024K, 6 young (6144K), 6 survivors (6144K)
 Metaspace       used 73522K, capacity 76900K, committed 76928K, reserved 1116160K
  class space    used 10046K, capacity 11122K, committed 11136K, reserved 1048576K
}
Event: 25.750 GC heap before
{Heap before GC invocations=47 (full 0):
 garbage-first heap   total 217088K, used 170172K [0x00000000a0000000, 0x0000000100000000)
  region size 1024K, 50 young (51200K), 6 survivors (6144K)
 Metaspace       used 77065K, capacity 80469K, committed 80640K, reserved 1118208K
  class space    used 10598K, capacity 11666K, committed 11776K, reserved 1048576K
}
Event: 25.763 GC heap after
{Heap after GC invocations=48 (full 0):
 garbage-first heap   total 217088K, used 129111K [0x00000000a0000000, 0x0000000100000000)
  region size 1024K, 3 young (3072K), 3 survivors (3072K)
 Metaspace       used 77065K, capacity 80469K, committed 80640K, reserved 1118208K
  class space    used 10598K, capacity 11666K, committed 11776K, reserved 1048576K
}

