# JRE version: Java(TM) SE Runtime Environment (14.0.1+7) (build 14.0.1+7)
# Java VM: Java HotSpot(TM) 64-Bit Server VM (14.0.1+7, mixed mode, sharing, tiered, compressed oops, g1 gc, windows-amd64)
Heap:
 garbage-first heap   total 78848K, used 28280K [0x00000000a0000000, 0x0000000100000000)
  region size 1024K, 2 young (2048K), 2 survivors (2048K)
 Metaspace       used 32305K, capacity 33199K, committed 33280K, reserved 1093632K
  class space    used 4481K, capacity 4825K, committed 4864K, reserved 1048576K
GC Heap History (18 events):
Event: 1.639 GC heap before
{Heap before GC invocations=0 (full 0):
 garbage-first heap   total 129024K, used 28672K [0x00000000a0000000, 0x0000000100000000)
  region size 1024K, 23 young (23552K), 0 survivors (0K)
 Metaspace       used 3261K, capacity 6145K, committed 6400K, reserved 1056768K
  class space    used 431K, capacity 711K, committed 768K, reserved 1048576K
}
Event: 1.668 GC heap after
{Heap after GC invocations=1 (full 0):
 garbage-first heap   total 129024K, used 9124K [0x00000000a0000000, 0x0000000100000000)
  region size 1024K, 3 young (3072K), 3 survivors (3072K)
 Metaspace       used 3261K, capacity 6145K, committed 6400K, reserved 1056768K
  class space    used 431K, capacity 711K, committed 768K, reserved 1048576K
}
Event: 2.632 GC heap before
{Heap before GC invocations=1 (full 0):
 garbage-first heap   total 129024K, used 35748K [0x00000000a0000000, 0x0000000100000000)
  region size 1024K, 29 young (29696K), 3 survivors (3072K)
 Metaspace       used 4335K, capacity 6782K, committed 7040K, reserved 1056768K
  class space    used 546K, capacity 817K, committed 896K, reserved 1048576K
}
Event: 2.638 GC heap after
{Heap after GC invocations=2 (full 0):
 garbage-first heap   total 129024K, used 10062K [0x00000000a0000000, 0x0000000100000000)
  region size 1024K, 1 young (1024K), 1 survivors (1024K)
 Metaspace       used 4335K, capacity 6782K, committed 7040K, reserved 1056768K
  class space    used 546K, capacity 817K, committed 896K, reserved 1048576K
}
Event: 5.949 GC heap before
{Heap before GC invocations=2 (full 0):
 garbage-first heap   total 129024K, used 78670K [0x00000000a0000000, 0x0000000100000000)
  region size 1024K, 67 young (68608K), 1 survivors (1024K)
 Metaspace       used 11518K, capacity 11865K, committed 12160K, reserved 1058816K
  class space    used 1677K, capacity 1793K, committed 1920K, reserved 1048576K
}
Event: 5.958 GC heap after
{Heap after GC invocations=3 (full 0):
 garbage-first heap   total 129024K, used 16828K [0x00000000a0000000, 0x0000000100000000)
  region size 1024K, 8 young (8192K), 8 survivors (8192K)
 Metaspace       used 11518K, capacity 11865K, committed 12160K, reserved 1058816K
  class space    used 1677K, capacity 1793K, committed 1920K, reserved 1048576K
}
Event: 8.573 GC heap before
{Heap before GC invocations=3 (full 0):
 garbage-first heap   total 129024K, used 80316K [0x00000000a0000000, 0x0000000100000000)
  region size 1024K, 71 young (72704K), 8 survivors (8192K)
 Metaspace       used 18623K, capacity 19254K, committed 19456K, reserved 1064960K
  class space    used 2748K, capacity 2990K, committed 3072K, reserved 1048576K
}
Event: 8.589 GC heap after
{Heap after GC invocations=4 (full 0):
 garbage-first heap   total 129024K, used 19090K [0x00000000a0000000, 0x0000000100000000)
  region size 1024K, 3 young (3072K), 3 survivors (3072K)
 Metaspace       used 18623K, capacity 19254K, committed 19456K, reserved 1064960K
  class space    used 2748K, capacity 2990K, committed 3072K, reserved 1048576K
}
Event: 9.610 GC heap before
{Heap before GC invocations=4 (full 0):
 garbage-first heap   total 129024K, used 46738K [0x00000000a0000000, 0x0000000100000000)
  region size 1024K, 31 young (31744K), 3 survivors (3072K)
 Metaspace       used 20611K, capacity 21199K, committed 21248K, reserved 1067008K
  class space    used 3055K, capacity 3279K, committed 3328K, reserved 1048576K
}
Event: 9.616 GC heap after
{Heap after GC invocations=5 (full 0):
 garbage-first heap   total 129024K, used 19718K [0x00000000a0000000, 0x0000000100000000)
  region size 1024K, 4 young (4096K), 4 survivors (4096K)
 Metaspace       used 20611K, capacity 21199K, committed 21248K, reserved 1067008K
  class space    used 3055K, capacity 3279K, committed 3328K, reserved 1048576K
}
Event: 12.027 GC heap before
{Heap before GC invocations=6 (full 0):
 garbage-first heap   total 78848K, used 61702K [0x00000000a0000000, 0x0000000100000000)
  region size 1024K, 46 young (47104K), 4 survivors (4096K)
 Metaspace       used 28091K, capacity 28784K, committed 28928K, reserved 1073152K
  class space    used 3982K, capacity 4253K, committed 4352K, reserved 1048576K
}
Event: 12.037 GC heap after
{Heap after GC invocations=7 (full 0):
 garbage-first heap   total 78848K, used 23319K [0x00000000a0000000, 0x0000000100000000)
  region size 1024K, 6 young (6144K), 6 survivors (6144K)
 Metaspace       used 28091K, capacity 28784K, committed 28928K, reserved 1073152K
  class space    used 3982K, capacity 4253K, committed 4352K, reserved 1048576K
}
Event: 13.176 GC heap before
{Heap before GC invocations=7 (full 0):
 garbage-first heap   total 78848K, used 62231K [0x00000000a0000000, 0x0000000100000000)
  region size 1024K, 41 young (41984K), 6 survivors (6144K)
 Metaspace       used 30537K, capacity 31335K, committed 31488K, reserved 1077248K
  class space    used 4226K, capacity 4521K, committed 4608K, reserved 1048576K
}
Event: 13.186 GC heap after
{Heap after GC invocations=8 (full 0):
 garbage-first heap   total 78848K, used 26896K [0x00000000a0000000, 0x0000000100000000)
  region size 1024K, 4 young (4096K), 4 survivors (4096K)
 Metaspace       used 30537K, capacity 31335K, committed 31488K, reserved 1077248K
  class space    used 4226K, capacity 4521K, committed 4608K, reserved 1048576K
}
Event: 14.020 GC heap before
{Heap before GC invocations=8 (full 0):
 garbage-first heap   total 78848K, used 48400K [0x00000000a0000000, 0x0000000100000000)
  region size 1024K, 26 young (26624K), 4 survivors (4096K)
 Metaspace       used 32034K, capacity 32968K, committed 33024K, reserved 1083392K
  class space    used 4448K, capacity 4808K, committed 4864K, reserved 1048576K
}
Event: 14.027 GC heap after
{Heap after GC invocations=9 (full 0):
 garbage-first heap   total 78848K, used 28373K [0x00000000a0000000, 0x0000000100000000)
  region size 1024K, 2 young (2048K), 2 survivors (2048K)
 Metaspace       used 32034K, capacity 32968K, committed 33024K, reserved 1083392K
  class space    used 4448K, capacity 4808K, committed 4864K, reserved 1048576K
}
Event: 14.184 GC heap before
{Heap before GC invocations=10 (full 0):
 garbage-first heap   total 78848K, used 30421K [0x00000000a0000000, 0x0000000100000000)
  region size 1024K, 5 young (5120K), 2 survivors (2048K)
 Metaspace       used 32305K, capacity 33199K, committed 33280K, reserved 1091584K
  class space    used 4481K, capacity 4825K, committed 4864K, reserved 1048576K
}
Event: 14.187 GC heap after
{Heap after GC invocations=11 (full 0):
 garbage-first heap   total 78848K, used 28280K [0x00000000a0000000, 0x0000000100000000)
  region size 1024K, 2 young (2048K), 2 survivors (2048K)
 Metaspace       used 32305K, capacity 33199K, committed 33280K, reserved 1091584K
  class space    used 4481K, capacity 4825K, committed 4864K, reserved 1048576K
}

