# JRE version: Java(TM) SE Runtime Environment (14.0.1+7) (build 14.0.1+7)
# Java VM: Java HotSpot(TM) 64-Bit Server VM (14.0.1+7, mixed mode, sharing, tiered, compressed oops, g1 gc, windows-amd64)
Heap:
 garbage-first heap   total 78848K, used 31018K [0x00000000a0000000, 0x0000000100000000)
  region size 1024K, 7 young (7168K), 5 survivors (5120K)
 Metaspace       used 30381K, capacity 31204K, committed 31488K, reserved 1085440K
  class space    used 4257K, capacity 4564K, committed 4608K, reserved 1048576K
GC Heap History (12 events):
Event: 1.758 GC heap before
{Heap before GC invocations=0 (full 0):
 garbage-first heap   total 129024K, used 28672K [0x00000000a0000000, 0x0000000100000000)
  region size 1024K, 23 young (23552K), 0 survivors (0K)
 Metaspace       used 3246K, capacity 6081K, committed 6144K, reserved 1056768K
  class space    used 430K, capacity 711K, committed 768K, reserved 1048576K
}
Event: 1.791 GC heap after
{Heap after GC invocations=1 (full 0):
 garbage-first heap   total 129024K, used 9096K [0x00000000a0000000, 0x0000000100000000)
  region size 1024K, 3 young (3072K), 3 survivors (3072K)
 Metaspace       used 3246K, capacity 6081K, committed 6144K, reserved 1056768K
  class space    used 430K, capacity 711K, committed 768K, reserved 1048576K
}
Event: 2.680 GC heap before
{Heap before GC invocations=1 (full 0):
 garbage-first heap   total 129024K, used 35720K [0x00000000a0000000, 0x0000000100000000)
  region size 1024K, 29 young (29696K), 3 survivors (3072K)
 Metaspace       used 4327K, capacity 6782K, committed 7040K, reserved 1056768K
  class space    used 544K, capacity 817K, committed 896K, reserved 1048576K
}
Event: 2.687 GC heap after
{Heap after GC invocations=2 (full 0):
 garbage-first heap   total 129024K, used 10255K [0x00000000a0000000, 0x0000000100000000)
  region size 1024K, 1 young (1024K), 1 survivors (1024K)
 Metaspace       used 4327K, capacity 6782K, committed 7040K, reserved 1056768K
  class space    used 544K, capacity 817K, committed 896K, reserved 1048576K
}
Event: 5.757 GC heap before
{Heap before GC invocations=2 (full 0):
 garbage-first heap   total 129024K, used 78863K [0x00000000a0000000, 0x0000000100000000)
  region size 1024K, 67 young (68608K), 1 survivors (1024K)
 Metaspace       used 11521K, capacity 11865K, committed 12160K, reserved 1058816K
  class space    used 1676K, capacity 1793K, committed 1920K, reserved 1048576K
}
Event: 5.766 GC heap after
{Heap after GC invocations=3 (full 0):
 garbage-first heap   total 129024K, used 17571K [0x00000000a0000000, 0x0000000100000000)
  region size 1024K, 8 young (8192K), 8 survivors (8192K)
 Metaspace       used 11521K, capacity 11865K, committed 12160K, reserved 1058816K
  class space    used 1676K, capacity 1793K, committed 1920K, reserved 1048576K
}
Event: 8.601 GC heap before
{Heap before GC invocations=3 (full 0):
 garbage-first heap   total 129024K, used 81059K [0x00000000a0000000, 0x0000000100000000)
  region size 1024K, 71 young (72704K), 8 survivors (8192K)
 Metaspace       used 18591K, capacity 19254K, committed 19456K, reserved 1064960K
  class space    used 2741K, capacity 2990K, committed 3072K, reserved 1048576K
}
Event: 8.612 GC heap after
{Heap after GC invocations=4 (full 0):
 garbage-first heap   total 129024K, used 19274K [0x00000000a0000000, 0x0000000100000000)
  region size 1024K, 3 young (3072K), 3 survivors (3072K)
 Metaspace       used 18591K, capacity 19254K, committed 19456K, reserved 1064960K
  class space    used 2741K, capacity 2990K, committed 3072K, reserved 1048576K
}
Event: 9.688 GC heap before
{Heap before GC invocations=4 (full 0):
 garbage-first heap   total 129024K, used 48970K [0x00000000a0000000, 0x0000000100000000)
  region size 1024K, 33 young (33792K), 3 survivors (3072K)
 Metaspace       used 20660K, capacity 21199K, committed 21248K, reserved 1067008K
  class space    used 3062K, capacity 3279K, committed 3328K, reserved 1048576K
}
Event: 9.694 GC heap after
{Heap after GC invocations=5 (full 0):
 garbage-first heap   total 129024K, used 19916K [0x00000000a0000000, 0x0000000100000000)
  region size 1024K, 4 young (4096K), 4 survivors (4096K)
 Metaspace       used 20660K, capacity 21199K, committed 21248K, reserved 1067008K
  class space    used 3062K, capacity 3279K, committed 3328K, reserved 1048576K
}
Event: 12.220 GC heap before
{Heap before GC invocations=6 (full 0):
 garbage-first heap   total 78848K, used 61900K [0x00000000a0000000, 0x0000000100000000)
  region size 1024K, 46 young (47104K), 4 survivors (4096K)
 Metaspace       used 26357K, capacity 27098K, committed 27136K, reserved 1073152K
  class space    used 3816K, capacity 4095K, committed 4096K, reserved 1048576K
}
Event: 12.232 GC heap after
{Heap after GC invocations=7 (full 0):
 garbage-first heap   total 78848K, used 23383K [0x00000000a0000000, 0x0000000100000000)
  region size 1024K, 6 young (6144K), 6 survivors (6144K)
 Metaspace       used 26357K, capacity 27098K, committed 27136K, reserved 1073152K
  class space    used 3816K, capacity 4095K, committed 4096K, reserved 1048576K
}

